<?xml version="1.0" encoding="UTF-8"?>
<!-- Generated by org.testng.reporters.JUnitReportReporter -->
<testsuite hostname="TYSS-Anjali" failures="0" tests="3" name="practice.dataProviderInAmazon" time="31.688" errors="0" timestamp="2025-08-08T17:54:45 IST" skipped="0">
  <testcase classname="practice.dataProviderInAmazon" name="getProductInfo" time="9.990"/>
  <testcase classname="practice.dataProviderInAmazon" name="getProductInfo" time="11.623"/>
  <testcase classname="practice.dataProviderInAmazon" name="getProductInfo" time="10.075"/>
</testsuite> <!-- practice.dataProviderInAmazon -->
