<?xml version="1.0" encoding="UTF-8"?>
<!-- Generated by org.testng.reporters.JUnitReportReporter -->
<testsuite hostname="TYSS-Anjali" failures="0" tests="3" name="testNG.ToPracticeTestNG2" time="0.018" errors="0" timestamp="2025-08-07T17:56:09 IST" skipped="0">
  <testcase classname="testNG.ToPracticeTestNG2" name="deleteAccount" time="0.002">
    <system-out>
      <![CDATA[Account deleted]]>
    </system-out>
  </testcase> <!-- deleteAccount -->
  <testcase classname="testNG.ToPracticeTestNG2" name="createAccount" time="0.001">
    <system-out>
      <![CDATA[Account Created]]>
    </system-out>
  </testcase> <!-- createAccount -->
  <testcase classname="testNG.ToPracticeTestNG2" name="editAccount" time="0.015">
    <system-out>
      <![CDATA[Account Edited]]>
    </system-out>
  </testcase> <!-- editAccount -->
  <system-out>
    <![CDATA[Account Edited
Account Created
Account deleted]]>
  </system-out>
</testsuite> <!-- testNG.ToPracticeTestNG2 -->
