<?xml version="1.0" encoding="UTF-8"?>
<!-- Generated by org.testng.reporters.JUnitReportReporter -->
<testsuite hostname="TYSS-Anjali" failures="0" tests="5" name="testNG.ToPracticeTestNG" time="0.025" errors="0" timestamp="2025-08-07T17:24:44 IST" skipped="0">
  <testcase classname="testNG.ToPracticeTestNG" name="zepto" time="0.019">
    <system-out>
      <![CDATA[Zepto Executed]]>
    </system-out>
  </testcase> <!-- zepto -->
  <testcase classname="testNG.ToPracticeTestNG" name="ola" time="0.001">
    <system-out>
      <![CDATA[Ola Executed]]>
    </system-out>
  </testcase> <!-- ola -->
  <testcase classname="testNG.ToPracticeTestNG" name="blinkIt" time="0.002">
    <system-out>
      <![CDATA[BlinkIt Executed]]>
    </system-out>
  </testcase> <!-- blinkIt -->
  <testcase classname="testNG.ToPracticeTestNG" name="zomato" time="0.002">
    <system-out>
      <![CDATA[Zomato Executed]]>
    </system-out>
  </testcase> <!-- zomato -->
  <testcase classname="testNG.ToPracticeTestNG" name="swiggy" time="0.001">
    <system-out>
      <![CDATA[Swiggy Executed]]>
    </system-out>
  </testcase> <!-- swiggy -->
  <system-out>
    <![CDATA[Zepto Executed
BlinkIt Executed
Ola Executed
Zomato Executed
Swiggy Executed]]>
  </system-out>
</testsuite> <!-- testNG.ToPracticeTestNG -->
