<?xml version="1.0" encoding="UTF-8"?>
<!-- Generated by org.testng.reporters.JUnitReportReporter -->
<testsuite hostname="TYSS-Anjali" failures="0" tests="5" name="testNG.ToLearnHelperAttribute" time="31.732" errors="0" timestamp="2025-08-07T17:43:26 IST" skipped="0">
  <testcase classname="testNG.ToLearnHelperAttribute" name="sample" time="6.365"/>
  <testcase classname="testNG.ToLearnHelperAttribute" name="sample" time="6.349"/>
  <testcase classname="testNG.ToLearnHelperAttribute" name="sample" time="6.365"/>
  <testcase classname="testNG.ToLearnHelperAttribute" name="sample" time="6.320"/>
  <testcase classname="testNG.ToLearnHelperAttribute" name="sample" time="6.333"/>
</testsuite> <!-- testNG.ToLearnHelperAttribute -->
