<?xml version="1.0" encoding="UTF-8"?>
<!-- Generated by org.testng.reporters.JUnitReportReporter -->
<testsuite hostname="TYSS-Anjali" failures="0" tests="1" name="practice.ToLearnSeleniumGrid4" time="11.175" errors="0" timestamp="2025-08-14T15:58:37 IST" skipped="0">
  <testcase classname="practice.ToLearnSeleniumGrid4" name="sample4Test" time="11.175">
    <system-out>
      <![CDATA[Sample test 4]]>
    </system-out>
  </testcase> <!-- sample4Test -->
  <system-out>
    <![CDATA[Sample test 4]]>
  </system-out>
</testsuite> <!-- practice.ToLearnSeleniumGrid4 -->
